0 info it worked if it ends with ok
1 verbose cli [ '/Users/frankg/.nvm/versions/node/v5.12.0/bin/node',
1 verbose cli   '/Users/frankg/.nvm/versions/node/v5.12.0/bin/npm',
1 verbose cli   'run',
1 verbose cli   'test:circleci' ]
2 info using npm@3.8.6
3 info using node@v5.12.0
4 verbose run-script [ 'pretest:circleci', 'test:circleci', 'posttest:circleci' ]
5 info lifecycle cci-test@0.1.0~pretest:circleci: cci-test@0.1.0
6 silly lifecycle cci-test@0.1.0~pretest:circleci: no script for pretest:circleci, continuing
7 info lifecycle cci-test@0.1.0~test:circleci: cci-test@0.1.0
8 verbose lifecycle cci-test@0.1.0~test:circleci: unsafe-perm in lifecycle true
9 verbose lifecycle cci-test@0.1.0~test:circleci: PATH: /Users/frankg/.nvm/versions/node/v5.12.0/lib/node_modules/npm/bin/node-gyp-bin:/Users/frankg/dev/code/projects/cart-project/example-apps/tools/ci/cci-test/node_modules/.bin:/Users/frankg/.nvm/versions/node/v5.12.0/bin:/Users/frankg/.rvm/gems/ruby-2.3.0/bin:/Users/frankg/.rvm/gems/ruby-2.3.0@global/bin:/Users/frankg/.rvm/rubies/ruby-2.3.0/bin:/Users/frankg/.pyenv/shims:/Users/frankg/.nvm/versions/node/v5.12.0/bin:/Users/frankg/go/bin:/Users/frankg/.gvm/pkgsets/go1.7/global/bin:/Users/frankg/.gvm/gos/go1.7/bin:/Users/frankg/.gvm/pkgsets/go1.7/global/overlay/bin:/Users/frankg/.gvm/bin:/Users/frankg/.gvm/bin:/Users/frankg/.perl5/perlbrew/bin:/usr/local/opt/coreutils/libexec/gnubin:/usr/local/bin:/usr/bin:/bin:/usr/sbin:/sbin:/opt/X11/bin:/usr/local/sbin:/usr/local/Cellar/node/0.12.7_1/bin:/usr/local/Cellar/node/0.12.7_1/libexec/npm/bin:/usr/local/sbin:/usr/X11/bin:/Users/frankg/dev/bin:/Users/frankg/mongodb/mongodb-osx-x86_64-2.2.3/bin:/Users/frankg/.rvm/bin
10 verbose lifecycle cci-test@0.1.0~test:circleci: CWD: /Users/frankg/dev/code/projects/cart-project/example-apps/tools/ci/cci-test
11 silly lifecycle cci-test@0.1.0~test:circleci: Args: [ '-c',
11 silly lifecycle   'testem ci -l node | tap-xunit > $CIRCLE_TEST_REPORTS/test_result.xml' ]
12 silly lifecycle cci-test@0.1.0~test:circleci: Returned: code: 1  signal: null
13 info lifecycle cci-test@0.1.0~test:circleci: Failed to exec test:circleci script
14 verbose stack Error: cci-test@0.1.0 test:circleci: `testem ci -l node | tap-xunit > $CIRCLE_TEST_REPORTS/test_result.xml`
14 verbose stack Exit status 1
14 verbose stack     at EventEmitter.<anonymous> (/Users/frankg/.nvm/versions/node/v5.12.0/lib/node_modules/npm/lib/utils/lifecycle.js:239:16)
14 verbose stack     at emitTwo (events.js:100:13)
14 verbose stack     at EventEmitter.emit (events.js:185:7)
14 verbose stack     at ChildProcess.<anonymous> (/Users/frankg/.nvm/versions/node/v5.12.0/lib/node_modules/npm/lib/utils/spawn.js:24:14)
14 verbose stack     at emitTwo (events.js:100:13)
14 verbose stack     at ChildProcess.emit (events.js:185:7)
14 verbose stack     at maybeClose (internal/child_process.js:850:16)
14 verbose stack     at Process.ChildProcess._handle.onexit (internal/child_process.js:215:5)
15 verbose pkgid cci-test@0.1.0
16 verbose cwd /Users/frankg/dev/code/projects/cart-project/example-apps/tools/ci/cci-test
17 error Darwin 16.0.0
18 error argv "/Users/frankg/.nvm/versions/node/v5.12.0/bin/node" "/Users/frankg/.nvm/versions/node/v5.12.0/bin/npm" "run" "test:circleci"
19 error node v5.12.0
20 error npm  v3.8.6
21 error code ELIFECYCLE
22 error cci-test@0.1.0 test:circleci: `testem ci -l node | tap-xunit > $CIRCLE_TEST_REPORTS/test_result.xml`
22 error Exit status 1
23 error Failed at the cci-test@0.1.0 test:circleci script 'testem ci -l node | tap-xunit > $CIRCLE_TEST_REPORTS/test_result.xml'.
23 error Make sure you have the latest version of node.js and npm installed.
23 error If you do, this is most likely a problem with the cci-test package,
23 error not with npm itself.
23 error Tell the author that this fails on your system:
23 error     testem ci -l node | tap-xunit > $CIRCLE_TEST_REPORTS/test_result.xml
23 error You can get information on how to open an issue for this project with:
23 error     npm bugs cci-test
23 error Or if that isn't available, you can get their info via:
23 error     npm owner ls cci-test
23 error There is likely additional logging output above.
24 verbose exit [ 1, true ]
